\BOOKMARK [2][-]{section*.1}{Diagram\0406.2.8}{}% 1
\BOOKMARK [2][-]{section*.2}{Diagram\0406.2.9}{}% 2
\BOOKMARK [2][-]{section*.3}{Diagram\0406.2.10}{}% 3
\BOOKMARK [2][-]{section*.4}{Diagram\0406.2.12}{}% 4
\BOOKMARK [2][-]{section*.5}{Diagram\0406.4.2}{}% 5
\BOOKMARK [2][-]{section*.6}{Diagram\0406.4.3}{}% 6
\BOOKMARK [2][-]{section*.7}{Diagram\0406.5.3}{}% 7
\BOOKMARK [2][-]{section*.8}{Diagram\0406.5.5}{}% 8
\BOOKMARK [2][-]{section*.9}{Diagram\0406.5.6}{}% 9
\BOOKMARK [2][-]{section*.10}{Diagram\040after\0406.5.6}{}% 10
\BOOKMARK [2][-]{section*.11}{Diagram\0406.5.7}{}% 11
\BOOKMARK [2][-]{section*.12}{Diagram\0406.5.8}{}% 12
\BOOKMARK [2][-]{section*.13}{Diagram\0406.5.13}{}% 13
\BOOKMARK [2][-]{section*.14}{Diagram\0406.6.1}{}% 14
\BOOKMARK [2][-]{section*.15}{Diagram\0406.6.2}{}% 15
\BOOKMARK [2][-]{section*.16}{Diagrams\040in\040Proposition\0406.6.3}{}% 16
\BOOKMARK [2][-]{section*.17}{Diagrams\040after\040the\040proof\040of\040Proposition\0406.6.3}{}% 17
\BOOKMARK [2][-]{section*.18}{Diagrams\040after\040the\040proof\040of\040Corollary\0406.6.4}{}% 18
\BOOKMARK [2][-]{section*.19}{Diagram\0406.7.11}{}% 19
\BOOKMARK [2][-]{section*.20}{Diagram\0406.8.6}{}% 20
\BOOKMARK [2][-]{section*.21}{Diagram\0406.8.7}{}% 21
\BOOKMARK [2][-]{section*.22}{Diagram\040before\040Example\0406.8.8}{}% 22
\BOOKMARK [2][-]{section*.23}{First\040diagram\040in\0406.8.10}{}% 23
\BOOKMARK [2][-]{section*.24}{Diagram\040in\040the\040proof\040of\040Lemma\0406.8.13}{}% 24
\BOOKMARK [2][-]{section*.25}{Diagram\0406.9.1}{}% 25
\BOOKMARK [2][-]{section*.26}{Diagram\040after\040Lemma\0406.9.4}{}% 26
\BOOKMARK [2][-]{section*.27}{Diagram\0406.9.6}{}% 27
\BOOKMARK [2][-]{section*.28}{Diagram\0406.9.8}{}% 28
\BOOKMARK [2][-]{section*.29}{Diagram\0406.9.9}{}% 29
\BOOKMARK [2][-]{section*.30}{Diagram\0406.9.12}{}% 30
\BOOKMARK [2][-]{section*.31}{Diagram\040before\0406.9.15}{}% 31
\BOOKMARK [2][-]{section*.32}{Diagram\0406.9.15}{}% 32
\BOOKMARK [2][-]{section*.33}{Diagram\0406.9.17}{}% 33
\BOOKMARK [2][-]{section*.34}{Diagram\0406.9.20}{}% 34
\BOOKMARK [2][-]{section*.35}{Diagram\0406.9.21}{}% 35
